{
  "stats": {
    "suites": 1,
    "tests": 8,
    "passes": 8,
    "pending": 0,
    "failures": 0,
    "start": "2022-08-11T10:47:01.876Z",
    "end": "2022-08-11T10:47:01.986Z",
    "duration": 110,
    "testsRegistered": 8,
    "passPercent": 100,
    "pendingPercent": 0,
    "other": 0,
    "hasOther": false,
    "skipped": 0,
    "hasSkipped": false
  },
  "results": [
    {
      "uuid": "1f1115ad-e328-4c62-b7af-e40d62bb459d",
      "title": "",
      "fullFile": "D:\\Bootcamp\\api-automation\\testcase\\test.js",
      "file": "\\testcase\\test.js",
      "beforeHooks": [],
      "afterHooks": [],
      "tests": [],
      "suites": [
        {
          "uuid": "d9c48f65-9168-44df-a835-97a4d1f14f12",
          "title": "Tescase-API",
          "fullFile": "D:\\Bootcamp\\api-automation\\testcase\\test.js",
          "file": "\\testcase\\test.js",
          "beforeHooks": [
            {
              "title": "\"before all\" hook in \"Tescase-API\"",
              "fullTitle": "Tescase-API \"before all\" hook in \"Tescase-API\"",
              "timedOut": false,
              "duration": 1,
              "state": null,
              "speed": null,
              "pass": false,
              "fail": false,
              "pending": false,
              "context": null,
              "code": "console.log(\"Before Modul\");",
              "err": {},
              "uuid": "ad4bacec-0eba-4502-80fb-71f6db8b97ec",
              "parentUUID": "d9c48f65-9168-44df-a835-97a4d1f14f12",
              "isHook": true,
              "skipped": false
            },
            {
              "title": "\"before each\" hook in \"Tescase-API\"",
              "fullTitle": "Tescase-API \"before each\" hook in \"Tescase-API\"",
              "timedOut": false,
              "duration": 0,
              "state": null,
              "speed": null,
              "pass": false,
              "fail": false,
              "pending": false,
              "context": null,
              "code": "console.log(\"Before Tes\");",
              "err": {},
              "uuid": "f8f8306c-251f-4d38-a9a2-cc9d2c8a4e4d",
              "parentUUID": "d9c48f65-9168-44df-a835-97a4d1f14f12",
              "isHook": true,
              "skipped": false
            }
          ],
          "afterHooks": [
            {
              "title": "\"after all\" hook in \"Tescase-API\"",
              "fullTitle": "Tescase-API \"after all\" hook in \"Tescase-API\"",
              "timedOut": false,
              "duration": 0,
              "state": null,
              "speed": null,
              "pass": false,
              "fail": false,
              "pending": false,
              "context": null,
              "code": "console.log(\"After Modul\");",
              "err": {},
              "uuid": "bb554c05-534c-4883-b672-f1212cc031ac",
              "parentUUID": "d9c48f65-9168-44df-a835-97a4d1f14f12",
              "isHook": true,
              "skipped": false
            },
            {
              "title": "\"after each\" hook in \"Tescase-API\"",
              "fullTitle": "Tescase-API \"after each\" hook in \"Tescase-API\"",
              "timedOut": false,
              "duration": 0,
              "state": null,
              "speed": null,
              "pass": false,
              "fail": false,
              "pending": false,
              "context": null,
              "code": "console.log(\"After Tes\");",
              "err": {},
              "uuid": "3e5548fb-6930-427d-bd7c-40a9adfed2ed",
              "parentUUID": "d9c48f65-9168-44df-a835-97a4d1f14f12",
              "isHook": true,
              "skipped": false
            }
          ],
          "tests": [
            {
              "title": "[@Get] Create User with valid request data will return status code 200",
              "fullTitle": "Tescase-API [@Get] Create User with valid request data will return status code 200",
              "timedOut": false,
              "duration": 48,
              "state": "passed",
              "speed": "slow",
              "pass": true,
              "fail": false,
              "pending": false,
              "context": null,
              "code": "let nama = 'nadira';\nlet response = await api.getUser(nama);\nlet body = response.body;\nexpect(response.status).to.equal(200);\nexpect(response.body).has.jsonSchema(jsonschema);",
              "err": {},
              "uuid": "52acfcfa-8806-4664-9059-9b2573a7f829",
              "parentUUID": "d9c48f65-9168-44df-a835-97a4d1f14f12",
              "isHook": false,
              "skipped": false
            },
            {
              "title": "[@Post] Create User with valid request data will return status code 200",
              "fullTitle": "Tescase-API [@Post] Create User with valid request data will return status code 200",
              "timedOut": false,
              "duration": 8,
              "state": "passed",
              "speed": "slow",
              "pass": true,
              "fail": false,
              "pending": false,
              "context": null,
              "code": "let requestBody = kirimdata.kirimpost;\n        let response = await api.postUser(requestBody);\n        let body = response.body;\n        let nama = kirimdata.kirimpost.firstName;\n        expect(response.status).to.equal(200);\n        expect(body.firstName).to.equal(nama);\n        \n        expect(response.body).has.jsonSchema(jsonschema2);",
              "err": {},
              "uuid": "d35256b4-d912-4653-a8b4-fc22a9afaa48",
              "parentUUID": "d9c48f65-9168-44df-a835-97a4d1f14f12",
              "isHook": false,
              "skipped": false
            },
            {
              "title": "[@positive] Put User berhasil mengupdate data Occupation dan Nationality",
              "fullTitle": "Tescase-API [@positive] Put User berhasil mengupdate data Occupation dan Nationality",
              "timedOut": false,
              "duration": 7,
              "state": "passed",
              "speed": "slow",
              "pass": true,
              "fail": false,
              "pending": false,
              "context": null,
              "code": "let nama = \"40f6822d-c225-4ea8-903c-01dba8f39578\"\nlet requestBody = kirimdata.kirimput1;\nlet response = await api.putUser(requestBody);\nlet body = response.body;\nlet kerja = kirimdata.kirimput1.occupation;\nlet negara = kirimdata.kirimput1.nationality;\nexpect(response.status).to.equal(200);\nexpect(body.occupation).to.equal(kerja);\nexpect(body.nationality).to.equal(negara);\n// console.log(response.body)\nexpect(response.body).has.jsonSchema(jsonschema2);",
              "err": {},
              "uuid": "5b4a98ab-885d-4180-881a-f6aeeededf28",
              "parentUUID": "d9c48f65-9168-44df-a835-97a4d1f14f12",
              "isHook": false,
              "skipped": false
            },
            {
              "title": "[@negative] Put User gagal mengupdate data ketika age bernilai 0",
              "fullTitle": "Tescase-API [@negative] Put User gagal mengupdate data ketika age bernilai 0",
              "timedOut": false,
              "duration": 6,
              "state": "passed",
              "speed": "slow",
              "pass": true,
              "fail": false,
              "pending": false,
              "context": null,
              "code": "let requestBody = kirimdata.kirimput2;\nlet response = await api.putUser(requestBody);\nlet body = response.body;\nexpect(response.status).to.equal(400);",
              "err": {},
              "uuid": "b068d9a5-a2c4-4f5c-805d-2a65ae8d18ce",
              "parentUUID": "d9c48f65-9168-44df-a835-97a4d1f14f12",
              "isHook": false,
              "skipped": false
            },
            {
              "title": "[@negative] Put User gagal mengupdate data ketika data hobbies merupakan empty array",
              "fullTitle": "Tescase-API [@negative] Put User gagal mengupdate data ketika data hobbies merupakan empty array",
              "timedOut": false,
              "duration": 6,
              "state": "passed",
              "speed": "slow",
              "pass": true,
              "fail": false,
              "pending": false,
              "context": null,
              "code": "let requestBody = kirimdata.kirimput3;\nlet response = await api.putUser(requestBody);\nlet body = response.body;\nexpect(response.status).to.equal(400);",
              "err": {},
              "uuid": "2669e62a-1e16-49b3-97ae-e8fa57754da8",
              "parentUUID": "d9c48f65-9168-44df-a835-97a4d1f14f12",
              "isHook": false,
              "skipped": false
            },
            {
              "title": "[@negative] Put User gagal mengupdate data ketika data id null",
              "fullTitle": "Tescase-API [@negative] Put User gagal mengupdate data ketika data id null",
              "timedOut": false,
              "duration": 5,
              "state": "passed",
              "speed": "slow",
              "pass": true,
              "fail": false,
              "pending": false,
              "context": null,
              "code": "let requestBody = kirimdata.kirimput4;\nlet response = await api.putUser(requestBody);\nlet body = response.body;\nexpect(response.status).to.equal(404);",
              "err": {},
              "uuid": "35fb7cb9-65af-49d6-9ecc-17e99ffa0d76",
              "parentUUID": "d9c48f65-9168-44df-a835-97a4d1f14f12",
              "isHook": false,
              "skipped": false
            },
            {
              "title": "[@positive Get{id}] user menggunakan data user id yang valid",
              "fullTitle": "Tescase-API [@positive Get{id}] user menggunakan data user id yang valid",
              "timedOut": false,
              "duration": 4,
              "state": "passed",
              "speed": "slow",
              "pass": true,
              "fail": false,
              "pending": false,
              "context": null,
              "code": "let nama = '40f6822d-c225-4ea8-903c-01dba8f39578';\n let response = await api.getUser(nama);\n let body = response.body;\n expect(response.status).to.equal(200);\n expect(response.body).has.jsonSchema(jsonschema);",
              "err": {},
              "uuid": "ee666a4a-48f6-490f-aaf8-b32c2e6cead2",
              "parentUUID": "d9c48f65-9168-44df-a835-97a4d1f14f12",
              "isHook": false,
              "skipped": false
            },
            {
              "title": "[@negative Get{id}]user gagal mendapatkan data ketika data id yang diinputkan invalid",
              "fullTitle": "Tescase-API [@negative Get{id}]user gagal mendapatkan data ketika data id yang diinputkan invalid",
              "timedOut": false,
              "duration": 5,
              "state": "passed",
              "speed": "slow",
              "pass": true,
              "fail": false,
              "pending": false,
              "context": null,
              "code": "let id = '123';\n let response = await api.getUserById(id);\n let body = response.body;\n expect(response.status).to.equal(404);",
              "err": {},
              "uuid": "2685769b-a7c5-4313-bd94-1c67c2e4c6d7",
              "parentUUID": "d9c48f65-9168-44df-a835-97a4d1f14f12",
              "isHook": false,
              "skipped": false
            }
          ],
          "suites": [],
          "passes": [
            "52acfcfa-8806-4664-9059-9b2573a7f829",
            "d35256b4-d912-4653-a8b4-fc22a9afaa48",
            "5b4a98ab-885d-4180-881a-f6aeeededf28",
            "b068d9a5-a2c4-4f5c-805d-2a65ae8d18ce",
            "2669e62a-1e16-49b3-97ae-e8fa57754da8",
            "35fb7cb9-65af-49d6-9ecc-17e99ffa0d76",
            "ee666a4a-48f6-490f-aaf8-b32c2e6cead2",
            "2685769b-a7c5-4313-bd94-1c67c2e4c6d7"
          ],
          "failures": [],
          "pending": [],
          "skipped": [],
          "duration": 89,
          "root": false,
          "rootEmpty": false,
          "_timeout": 2000
        }
      ],
      "passes": [],
      "failures": [],
      "pending": [],
      "skipped": [],
      "duration": 0,
      "root": true,
      "rootEmpty": true,
      "_timeout": 2000
    }
  ],
  "meta": {
    "mocha": {
      "version": "10.0.0"
    },
    "mochawesome": {
      "options": {
        "quiet": false,
        "reportFilename": "mochawesome",
        "saveHtml": true,
        "saveJson": true,
        "consoleReporter": "spec",
        "useInlineDiffs": false,
        "code": true
      },
      "version": "7.1.3"
    },
    "marge": {
      "options": null,
      "version": "6.2.0"
    }
  }
}